Added Component: Designator=L2(LIS3DH)
Added Component: Designator=Q1(SOT-23B_N)
Add component (AddParameter): Name = "LatestRevisionDate"; Value = "29-May-2009"; VariantName = "[No Variations]"
Add component (AddParameter): Name = "LatestRevisionNote"; Value = "IPC-7351 Footprint Added."; VariantName = "[No Variations]"
Add component (AddParameter): Name = "PackageDescription"; Value = "3-Pin SOT-23 Package 0.95 mm Pitch, 2.4 mm Lead Span"; VariantName = "[No Variations]"
Add component (AddParameter): Name = "PackageReference"; Value = "SOT-23B"; VariantName = "[No Variations]"
Add component (AddParameter): Name = "PackageVersion"; Value = "Aug-1999"; VariantName = "[No Variations]"
Add component (AddParameter): Name = "Published"; Value = "8-Jun-2000"; VariantName = "[No Variations]"
Add component (AddParameter): Name = "Publisher"; Value = "Altium Limited"; VariantName = "[No Variations]"
Added Component: Designator=Q2(SOT-23B_N)
Add component (AddParameter): Name = "LatestRevisionDate"; Value = "29-May-2009"; VariantName = "[No Variations]"
Add component (AddParameter): Name = "LatestRevisionNote"; Value = "IPC-7351 Footprint Added."; VariantName = "[No Variations]"
Add component (AddParameter): Name = "PackageDescription"; Value = "3-Pin SOT-23 Package 0.95 mm Pitch, 2.4 mm Lead Span"; VariantName = "[No Variations]"
Add component (AddParameter): Name = "PackageReference"; Value = "SOT-23B"; VariantName = "[No Variations]"
Add component (AddParameter): Name = "PackageVersion"; Value = "Aug-1999"; VariantName = "[No Variations]"
Add component (AddParameter): Name = "Published"; Value = "8-Jun-2000"; VariantName = "[No Variations]"
Add component (AddParameter): Name = "Publisher"; Value = "Altium Limited"; VariantName = "[No Variations]"
Added Component: Designator=Q3(TO-226-AA)
Add component (AddParameter): Name = "Code_JEDEC"; Value = "TO-226-AA"; VariantName = "[No Variations]"
Add component (AddParameter): Name = "LatestRevisionDate"; Value = "17-Jul-2002"; VariantName = "[No Variations]"
Add component (AddParameter): Name = "LatestRevisionNote"; Value = "Re-released for DXP Platform."; VariantName = "[No Variations]"
Add component (AddParameter): Name = "PackageDescription"; Value = "TO, Flat Index; 3 In-Line, Axial Leads; Body Dia. 4.8mm; Leads 0.55 x 0.51 mm (max)"; VariantName = "[No Variations]"
Add component (AddParameter): Name = "PackageReference"; Value = "TO-226-AA"; VariantName = "[No Variations]"
Add component (AddParameter): Name = "Published"; Value = "8-Jun-2000"; VariantName = "[No Variations]"
Add component (AddParameter): Name = "Publisher"; Value = "Altium Limited"; VariantName = "[No Variations]"
Added Component: Designator=Q4(TO-226-AA)
Add component (AddParameter): Name = "Code_JEDEC"; Value = "TO-226-AA"; VariantName = "[No Variations]"
Add component (AddParameter): Name = "LatestRevisionDate"; Value = "17-Jul-2002"; VariantName = "[No Variations]"
Add component (AddParameter): Name = "LatestRevisionNote"; Value = "Re-released for DXP Platform."; VariantName = "[No Variations]"
Add component (AddParameter): Name = "PackageDescription"; Value = "TO, Flat Index; 3 In-Line, Axial Leads; Body Dia. 4.8mm; Leads 0.55 x 0.51 mm (max)"; VariantName = "[No Variations]"
Add component (AddParameter): Name = "PackageReference"; Value = "TO-226-AA"; VariantName = "[No Variations]"
Add component (AddParameter): Name = "Published"; Value = "8-Jun-2000"; VariantName = "[No Variations]"
Add component (AddParameter): Name = "Publisher"; Value = "Altium Limited"; VariantName = "[No Variations]"
Added Net: Name=EN
Added Net: Name=FB
Added Pin To Net: NetName=GND Pin=L2-GND
Added Pin To Net: NetName=GND Pin=L2-GND
Added Pin To Net: NetName=GND Pin=Q3-3
Added Pin To Net: NetName=GND Pin=Q4-3
Added Net: Name=GND
Added Pin To Net: NetName=INT1 Pin=L2-INT1
Added Net: Name=INT1
Added Pin To Net: NetName=Net*_1 Pin=Q2-1
Added Pin To Net: NetName=Net*_1 Pin=Q3-1
Added Net: Name=Net*_1
Added Pin To Net: NetName=Net*_2 Pin=Q1-1
Added Pin To Net: NetName=Net*_2 Pin=Q4-1
Added Net: Name=Net*_2
Added Net: Name=NetB1_B3
Added Net: Name=NetBu1_L1
Added Net: Name=NetBu1_L2
Added Net: Name=NetBu1_VAUX
Added Net: Name=NetC10_2
Added Net: Name=NetPS_1
Added Pin To Net: NetName=NetPS_3 Pin=Q1-3
Added Pin To Net: NetName=NetPS_3 Pin=Q2-3
Added Net: Name=NetPS_3
Added Net: Name=PG
Added Net: Name=SCL
Added Pin To Net: NetName=SDA Pin=L2-SDA/SDI/SDO
Added Net: Name=SDA
Added Net: Name=Vbackup
Added Pin To Net: NetName=Vbase1 Pin=Q1-2
Added Pin To Net: NetName=Vbase1 Pin=Q4-2
Added Net: Name=Vbase1
Added Pin To Net: NetName=Vbase2 Pin=Q2-2
Added Pin To Net: NetName=Vbase2 Pin=Q3-2
Added Net: Name=Vbase2
Added Net: Name=VBat
Added Pin To Net: NetName=Vout1 Pin=L2-VDD
Added Pin To Net: NetName=Vout1 Pin=L2-VDDIO
Added Net: Name=Vout1
Added Net: Name=VSolar
Added Class: Name=RoverBreakout2
Added Room: Name=RoverBreakout2
